d:\01 c++ code\!2016_03_fall_cpp\!project\project4\ee\debug\vc140.pdb
d:\01 c++ code\!2016_03_fall_cpp\!project\project4\ee\debug\vc140.idb
d:\01 c++ code\!2016_03_fall_cpp\!project\project4\ee\debug\boolean.obj
d:\01 c++ code\!2016_03_fall_cpp\!project\project4\ee\debug\expression_evaluator.obj
d:\01 c++ code\!2016_03_fall_cpp\!project\project4\ee\debug\function.obj
d:\01 c++ code\!2016_03_fall_cpp\!project\project4\ee\debug\integer.obj
d:\01 c++ code\!2016_03_fall_cpp\!project\project4\ee\debug\operand.obj
d:\01 c++ code\!2016_03_fall_cpp\!project\project4\ee\debug\operation.obj
d:\01 c++ code\!2016_03_fall_cpp\!project\project4\ee\debug\operator.obj
d:\01 c++ code\!2016_03_fall_cpp\!project\project4\ee\debug\parser.obj
d:\01 c++ code\!2016_03_fall_cpp\!project\project4\ee\debug\real.obj
d:\01 c++ code\!2016_03_fall_cpp\!project\project4\ee\debug\rpnevaluator.obj
d:\01 c++ code\!2016_03_fall_cpp\!project\project4\ee\debug\token.obj
d:\01 c++ code\!2016_03_fall_cpp\!project\project4\ee\debug\tokenizer.obj
d:\01 c++ code\!2016_03_fall_cpp\!project\project4\ee\debug\variable.obj
d:\01 c++ code\!2016_03_fall_cpp\!project\project4\ee\debug\ee_main.obj
d:\01 c++ code\!2016_03_fall_cpp\!project\project4\debug\ee.ilk
d:\01 c++ code\!2016_03_fall_cpp\!project\project4\debug\ee.exe
d:\01 c++ code\!2016_03_fall_cpp\!project\project4\debug\ee.pdb
d:\01 c++ code\!2016_03_fall_cpp\!project\project4\ee\debug\ee.tlog\cl.command.1.tlog
d:\01 c++ code\!2016_03_fall_cpp\!project\project4\ee\debug\ee.tlog\cl.read.1.tlog
d:\01 c++ code\!2016_03_fall_cpp\!project\project4\ee\debug\ee.tlog\cl.write.1.tlog
d:\01 c++ code\!2016_03_fall_cpp\!project\project4\ee\debug\ee.tlog\link.command.1.tlog
d:\01 c++ code\!2016_03_fall_cpp\!project\project4\ee\debug\ee.tlog\link.read.1.tlog
d:\01 c++ code\!2016_03_fall_cpp\!project\project4\ee\debug\ee.tlog\link.write.1.tlog
